2023/03/21 18:19:37 Starting program
2023/03/21 18:19:37 [INFO] This is an informational message
2023/03/21 18:19:37 [WARN] This is a warning message
2023/03/21 18:19:37 [ERROR] This is an error message
2023/03/21 19:45:41 Starting program
2023/03/21 19:45:41 [INFO] This is an informational message
2023/03/21 19:45:41 [WARN] This is a warning message
2023/03/21 19:45:41 [ERROR] This is an error message
2023/03/21 19:48:39 Starting program
2023/03/21 19:48:39 [INFO] This is an informational message
2023/03/21 19:48:39 [WARN] This is a warning message
2023/03/21 19:48:39 [ERROR] This is an error message
2023/03/21 21:16:42 Starting program
2023/03/21 21:16:42 [INFO] This is an informational message
2023/03/21 21:16:42 [WARN] This is a warning message
2023/03/21 21:16:42 [ERROR] This is an error message
2023/03/21 21:34:04 [ERROR] Error connecting to database: dial tcp: lookup port=0: no such host
2023/03/21 21:34:46 [ERROR] Error connecting to database: dial tcp: lookup port=0: no such host
2023/03/21 21:35:07 [ERROR] Error loading config: 1 error(s) decoding:

* cannot parse 'database.host' as uint: strconv.ParseUint: parsing "127.0.0.1": invalid syntax
2023/03/21 21:35:07 [ERROR] Error connecting to database: dial tcp: lookup port=0: no such host
